-------------------------------------------------------------------------------
Test set: se.rosscom.timereader.service.readerlistener.ReaderListenerServiceTests
-------------------------------------------------------------------------------
Tests run: 2, Failures: 0, Errors: 2, Skipped: 0, Time elapsed: 0.173 sec <<< FAILURE!
testAddReader(se.rosscom.timereader.service.readerlistener.ReaderListenerServiceTests)  Time elapsed: 0.057 sec  <<< ERROR!
org.springframework.beans.factory.BeanCreationException: Error creating bean with name 'registrationService' defined in class se.rosscom.timereader.config.TimeReaderServiceConfig: Instantiation of bean failed; nested exception is org.springframework.beans.factory.BeanDefinitionStoreException: Factory method [public se.rosscom.timereader.service.registration.RegistrationService se.rosscom.timereader.config.TimeReaderServiceConfig.registrationService() throws se.rosscom.timereader.exception.ReaderServiceException] threw exception; nested exception is java.lang.ClassFormatError: Absent Code attribute in method that is not native or abstract in class file javax/jms/JMSException
	at java.lang.ClassLoader.defineClass1(Native Method)
	at java.lang.ClassLoader.defineClass(ClassLoader.java:760)
	at java.security.SecureClassLoader.defineClass(SecureClassLoader.java:142)
	at java.net.URLClassLoader.defineClass(URLClassLoader.java:455)
	at java.net.URLClassLoader.access$100(URLClassLoader.java:73)
	at java.net.URLClassLoader$1.run(URLClassLoader.java:367)
	at java.net.URLClassLoader$1.run(URLClassLoader.java:361)
	at java.security.AccessController.doPrivileged(Native Method)
	at java.net.URLClassLoader.findClass(URLClassLoader.java:360)
	at java.lang.ClassLoader.loadClass(ClassLoader.java:424)
	at sun.misc.Launcher$AppClassLoader.loadClass(Launcher.java:308)
	at java.lang.ClassLoader.loadClass(ClassLoader.java:357)
	at se.rosscom.timereader.config.TimeReaderServiceConfig.registrationService(TimeReaderServiceConfig.java:44)
	at se.rosscom.timereader.config.TimeReaderServiceConfig$$EnhancerByCGLIB$$c4f73e69.CGLIB$registrationService$1(<generated>)
	at se.rosscom.timereader.config.TimeReaderServiceConfig$$EnhancerByCGLIB$$c4f73e69$$FastClassByCGLIB$$c409a1ea.invoke(<generated>)
	at org.springframework.cglib.proxy.MethodProxy.invokeSuper(MethodProxy.java:228)
	at org.springframework.context.annotation.ConfigurationClassEnhancer$BeanMethodInterceptor.intercept(ConfigurationClassEnhancer.java:286)
	at se.rosscom.timereader.config.TimeReaderServiceConfig$$EnhancerByCGLIB$$c4f73e69.registrationService(<generated>)
	at sun.reflect.NativeMethodAccessorImpl.invoke0(Native Method)
	at sun.reflect.NativeMethodAccessorImpl.invoke(NativeMethodAccessorImpl.java:62)
	at sun.reflect.DelegatingMethodAccessorImpl.invoke(DelegatingMethodAccessorImpl.java:43)
	at java.lang.reflect.Method.invoke(Method.java:483)
	at org.springframework.beans.factory.support.SimpleInstantiationStrategy.instantiate(SimpleInstantiationStrategy.java:160)
	at org.springframework.beans.factory.support.ConstructorResolver.instantiateUsingFactoryMethod(ConstructorResolver.java:578)
	at org.springframework.beans.factory.support.AbstractAutowireCapableBeanFactory.instantiateUsingFactoryMethod(AbstractAutowireCapableBeanFactory.java:1055)
	at org.springframework.beans.factory.support.AbstractAutowireCapableBeanFactory.createBeanInstance(AbstractAutowireCapableBeanFactory.java:951)
	at org.springframework.beans.factory.support.AbstractAutowireCapableBeanFactory.doCreateBean(AbstractAutowireCapableBeanFactory.java:487)
	at org.springframework.beans.factory.support.AbstractAutowireCapableBeanFactory.createBean(AbstractAutowireCapableBeanFactory.java:458)
	at org.springframework.beans.factory.support.AbstractBeanFactory$1.getObject(AbstractBeanFactory.java:296)
	at org.springframework.beans.factory.support.DefaultSingletonBeanRegistry.getSingleton(DefaultSingletonBeanRegistry.java:223)
	at org.springframework.beans.factory.support.AbstractBeanFactory.doGetBean(AbstractBeanFactory.java:293)
	at org.springframework.beans.factory.support.AbstractBeanFactory.getBean(AbstractBeanFactory.java:194)
	at org.springframework.beans.factory.support.DefaultListableBeanFactory.preInstantiateSingletons(DefaultListableBeanFactory.java:628)
	at org.springframework.context.support.AbstractApplicationContext.finishBeanFactoryInitialization(AbstractApplicationContext.java:932)
	at org.springframework.context.support.AbstractApplicationContext.refresh(AbstractApplicationContext.java:479)
	at se.rosscom.timereader.service.ServiceTestConfig.<init>(ServiceTestConfig.java:32)
	at se.rosscom.timereader.service.readerlistener.ReaderListenerServiceTests.setUp(ReaderListenerServiceTests.java:21)

testFetchReaderMocks(se.rosscom.timereader.service.readerlistener.ReaderListenerServiceTests)  Time elapsed: 0.082 sec  <<< ERROR!
org.springframework.beans.factory.BeanCreationException: Error creating bean with name 'registrationService' defined in class se.rosscom.timereader.config.TimeReaderServiceConfig: Instantiation of bean failed; nested exception is org.springframework.beans.factory.BeanDefinitionStoreException: Factory method [public se.rosscom.timereader.service.registration.RegistrationService se.rosscom.timereader.config.TimeReaderServiceConfig.registrationService() throws se.rosscom.timereader.exception.ReaderServiceException] threw exception; nested exception is java.lang.ClassFormatError: Absent Code attribute in method that is not native or abstract in class file javax/jms/JMSException
	at java.lang.ClassLoader.defineClass1(Native Method)
	at java.lang.ClassLoader.defineClass(ClassLoader.java:760)
	at java.security.SecureClassLoader.defineClass(SecureClassLoader.java:142)
	at java.net.URLClassLoader.defineClass(URLClassLoader.java:455)
	at java.net.URLClassLoader.access$100(URLClassLoader.java:73)
	at java.net.URLClassLoader$1.run(URLClassLoader.java:367)
	at java.net.URLClassLoader$1.run(URLClassLoader.java:361)
	at java.security.AccessController.doPrivileged(Native Method)
	at java.net.URLClassLoader.findClass(URLClassLoader.java:360)
	at java.lang.ClassLoader.loadClass(ClassLoader.java:424)
	at sun.misc.Launcher$AppClassLoader.loadClass(Launcher.java:308)
	at java.lang.ClassLoader.loadClass(ClassLoader.java:357)
	at se.rosscom.timereader.config.TimeReaderServiceConfig.registrationService(TimeReaderServiceConfig.java:44)
	at se.rosscom.timereader.config.TimeReaderServiceConfig$$EnhancerByCGLIB$$c4f73e69.CGLIB$registrationService$1(<generated>)
	at se.rosscom.timereader.config.TimeReaderServiceConfig$$EnhancerByCGLIB$$c4f73e69$$FastClassByCGLIB$$c409a1ea.invoke(<generated>)
	at org.springframework.cglib.proxy.MethodProxy.invokeSuper(MethodProxy.java:228)
	at org.springframework.context.annotation.ConfigurationClassEnhancer$BeanMethodInterceptor.intercept(ConfigurationClassEnhancer.java:286)
	at se.rosscom.timereader.config.TimeReaderServiceConfig$$EnhancerByCGLIB$$c4f73e69.registrationService(<generated>)
	at sun.reflect.NativeMethodAccessorImpl.invoke0(Native Method)
	at sun.reflect.NativeMethodAccessorImpl.invoke(NativeMethodAccessorImpl.java:62)
	at sun.reflect.DelegatingMethodAccessorImpl.invoke(DelegatingMethodAccessorImpl.java:43)
	at java.lang.reflect.Method.invoke(Method.java:483)
	at org.springframework.beans.factory.support.SimpleInstantiationStrategy.instantiate(SimpleInstantiationStrategy.java:160)
	at org.springframework.beans.factory.support.ConstructorResolver.instantiateUsingFactoryMethod(ConstructorResolver.java:578)
	at org.springframework.beans.factory.support.AbstractAutowireCapableBeanFactory.instantiateUsingFactoryMethod(AbstractAutowireCapableBeanFactory.java:1055)
	at org.springframework.beans.factory.support.AbstractAutowireCapableBeanFactory.createBeanInstance(AbstractAutowireCapableBeanFactory.java:951)
	at org.springframework.beans.factory.support.AbstractAutowireCapableBeanFactory.doCreateBean(AbstractAutowireCapableBeanFactory.java:487)
	at org.springframework.beans.factory.support.AbstractAutowireCapableBeanFactory.createBean(AbstractAutowireCapableBeanFactory.java:458)
	at org.springframework.beans.factory.support.AbstractBeanFactory$1.getObject(AbstractBeanFactory.java:296)
	at org.springframework.beans.factory.support.DefaultSingletonBeanRegistry.getSingleton(DefaultSingletonBeanRegistry.java:223)
	at org.springframework.beans.factory.support.AbstractBeanFactory.doGetBean(AbstractBeanFactory.java:293)
	at org.springframework.beans.factory.support.AbstractBeanFactory.getBean(AbstractBeanFactory.java:194)
	at org.springframework.beans.factory.support.DefaultListableBeanFactory.preInstantiateSingletons(DefaultListableBeanFactory.java:628)
	at org.springframework.context.support.AbstractApplicationContext.finishBeanFactoryInitialization(AbstractApplicationContext.java:932)
	at org.springframework.context.support.AbstractApplicationContext.refresh(AbstractApplicationContext.java:479)
	at se.rosscom.timereader.service.ServiceTestConfig.<init>(ServiceTestConfig.java:32)
	at se.rosscom.timereader.service.readerlistener.ReaderListenerServiceTests.setUp(ReaderListenerServiceTests.java:21)

